#
# There is insufficient memory for the Java Runtime Environment to continue.
# Native memory allocation (malloc) failed to allocate 1048576 bytes. Error detail: AllocateHeap
# Possible reasons:
#   The system is out of physical RAM or swap space
#   This process is running with CompressedOops enabled, and the Java Heap may be blocking the growth of the native heap
# Possible solutions:
#   Reduce memory load on the system
#   Increase physical memory or swap space
#   Check if swap backing store is full
#   Decrease Java heap size (-Xmx/-Xms)
#   Decrease number of Java threads
#   Decrease Java thread stack sizes (-Xss)
#   Set larger code cache with -XX:ReservedCodeCacheSize=
#   JVM is running with Unscaled Compressed Oops mode in which the Java heap is
#     placed in the first 4GB address space. The Java Heap base address is the
#     maximum limit for the native heap growth. Please use -XX:HeapBaseMinAddress
#     to set the Java Heap base and to place the Java Heap above 4GB virtual address.
# This output file may be truncated or incomplete.
#
#  Out of Memory Error (allocation.cpp:44), pid=41196, tid=43180
#
# JRE version: OpenJDK Runtime Environment Temurin-21.0.9+10 (21.0.9+10) (build 21.0.9+10-LTS)
# Java VM: OpenJDK 64-Bit Server VM Temurin-21.0.9+10 (21.0.9+10-LTS, mixed mode, sharing, tiered, compressed oops, compressed class ptrs, parallel gc, windows-amd64)
# No core dump will be written. Minidumps are not enabled by default on client versions of Windows
#

---------------  S U M M A R Y ------------

Command Line: --add-modules=ALL-SYSTEM --add-opens=java.base/java.util=ALL-UNNAMED --add-opens=java.base/java.lang=ALL-UNNAMED --add-opens=java.base/sun.nio.fs=ALL-UNNAMED -Declipse.application=org.eclipse.jdt.ls.core.id1 -Dosgi.bundles.defaultStartLevel=4 -Declipse.product=org.eclipse.jdt.ls.core.product -Djava.import.generatesMetadataFilesAtProjectRoot=false -DDetectVMInstallationsJob.disabled=true -Dfile.encoding=utf8 -XX:+UseParallelGC -XX:GCTimeRatio=4 -XX:AdaptiveSizePolicyWeight=90 -Dsun.zip.disableMemoryMapping=true -Xmx2G -Xms100m -Xlog:disable -javaagent:c:\Users\ESIH_ENERGIR\.vscode\extensions\redhat.java-1.52.0-win32-x64\lombok\lombok-1.18.39-4050.jar -XX:+HeapDumpOnOutOfMemoryError -XX:HeapDumpPath=c:\Users\ESIH_ENERGIR\AppData\Roaming\Code\User\workspaceStorage\25c00f6bfb03cb4ac58946698cfd3029\redhat.java -Daether.dependencyCollector.impl=bf c:\Users\ESIH_ENERGIR\.vscode\extensions\redhat.java-1.52.0-win32-x64\server\plugins\org.eclipse.equinox.launcher_1.7.100.v20251111-0406.jar -configuration c:\Users\ESIH_ENERGIR\AppData\Roaming\Code\User\globalStorage\redhat.java\1.52.0\config_win -data c:\Users\ESIH_ENERGIR\AppData\Roaming\Code\User\workspaceStorage\25c00f6bfb03cb4ac58946698cfd3029\redhat.java\jdt_ws --pipe=\\.\pipe\lsp-3cfd8bed8e28e08a98fceab777c434ca-sock

Host: 12th Gen Intel(R) Core(TM) i7-1255U, 12 cores, 7G,  Windows 11 , 64 bit Build 26100 (10.0.26100.7705)
Time: Thu Feb 12 19:39:49 2026 Central Standard Time elapsed time: 515.862498 seconds (0d 0h 8m 35s)

---------------  T H R E A D  ---------------

Current thread (0x000001f460a465d0):  JavaThread "Attach Listener" daemon [_thread_in_vm, id=43180, stack(0x00000018eae00000,0x00000018eaf00000) (1024K)]

Stack: [0x00000018eae00000,0x00000018eaf00000]
Native frames: (J=compiled Java code, j=interpreted, Vv=VM code, C=native code)
V  [jvm.dll+0x6d6e29]
V  [jvm.dll+0x8b4b76]
V  [jvm.dll+0x8b712e]
V  [jvm.dll+0x8b7813]
V  [jvm.dll+0x283d86]
V  [jvm.dll+0xc1277]
V  [jvm.dll+0x6d76d9]
V  [jvm.dll+0x133466]
V  [jvm.dll+0x3f7ea6]
V  [jvm.dll+0x85e9ad]
V  [jvm.dll+0x6d565d]
C  [ucrtbase.dll+0x37b0]
C  [KERNEL32.DLL+0x2e8d7]
C  [ntdll.dll+0x8c40c]


---------------  P R O C E S S  ---------------

Threads class SMR info:
_java_thread_list=0x000001f44b77be90, length=71, elements={
0x000001f46099c6c0, 0x000001f46094d6f0, 0x000001f46094e850, 0x000001f460a43770,
0x000001f460a465d0, 0x000001f460a49ae0, 0x000001f460a54f60, 0x000001f460a59040,
0x000001f460a5bc60, 0x000001f4788d3dd0, 0x000001f478951d40, 0x000001f479be7690,
0x000001f479dbe260, 0x000001f479670aa0, 0x000001f47967f0c0, 0x000001f47e2952f0,
0x000001f479d79400, 0x000001f47e1ff4c0, 0x000001f47e66cab0, 0x000001f47e84d2f0,
0x000001f47e84cc60, 0x000001f4411b3440, 0x000001f4411b2db0, 0x000001f4411b3ad0,
0x000001f4411b2090, 0x000001f4411b4160, 0x000001f4411b0ce0, 0x000001f4411b47f0,
0x000001f4411b1370, 0x000001f4411b4e80, 0x000001f4411b1a00, 0x000001f4411b6230,
0x000001f4411b68c0, 0x000001f4411b5ba0, 0x000001f4411b6f50, 0x000001f4411b5510,
0x000001f4411b75e0, 0x000001f4411b7c70, 0x000001f441bbe780, 0x000001f441bbee10,
0x000001f441bbc020, 0x000001f441bbfb30, 0x000001f441bc2920, 0x000001f441bc1c00,
0x000001f441bc01c0, 0x000001f441bc0850, 0x000001f441bc2290, 0x000001f44bee0b90,
0x000001f44bee32f0, 0x000001f44bee1f40, 0x000001f44bee25d0, 0x000001f44bee3980,
0x000001f44bee1220, 0x000001f44bee18b0, 0x000001f44bee2c60, 0x000001f4429455f0,
0x000001f4429469a0, 0x000001f442944f60, 0x000001f442945c80, 0x000001f4429476c0,
0x000001f442946310, 0x000001f44294a4b0, 0x000001f4429483e0, 0x000001f44294b1d0,
0x000001f442949e20, 0x000001f44294c580, 0x000001f4418e6220, 0x000001f4418e5500,
0x000001f4418e2da0, 0x000001f4418e68b0, 0x000001f4418e3430
}

Java Threads: ( => current thread )
  0x000001f46099c6c0 JavaThread "main"                              [_thread_blocked, id=1272, stack(0x00000018ea700000,0x00000018ea800000) (1024K)]
  0x000001f46094d6f0 JavaThread "Reference Handler"          daemon [_thread_blocked, id=19556, stack(0x00000018eab00000,0x00000018eac00000) (1024K)]
  0x000001f46094e850 JavaThread "Finalizer"                  daemon [_thread_blocked, id=32260, stack(0x00000018eac00000,0x00000018ead00000) (1024K)]
  0x000001f460a43770 JavaThread "Signal Dispatcher"          daemon [_thread_blocked, id=12648, stack(0x00000018ead00000,0x00000018eae00000) (1024K)]
=>0x000001f460a465d0 JavaThread "Attach Listener"            daemon [_thread_in_vm, id=43180, stack(0x00000018eae00000,0x00000018eaf00000) (1024K)]
  0x000001f460a49ae0 JavaThread "Service Thread"             daemon [_thread_blocked, id=17232, stack(0x00000018eaf00000,0x00000018eb000000) (1024K)]
  0x000001f460a54f60 JavaThread "Monitor Deflation Thread"   daemon [_thread_blocked, id=47876, stack(0x00000018eb000000,0x00000018eb100000) (1024K)]
  0x000001f460a59040 JavaThread "C2 CompilerThread0"         daemon [_thread_blocked, id=48628, stack(0x00000018eb100000,0x00000018eb200000) (1024K)]
  0x000001f460a5bc60 JavaThread "C1 CompilerThread0"         daemon [_thread_blocked, id=29012, stack(0x00000018eb200000,0x00000018eb300000) (1024K)]
  0x000001f4788d3dd0 JavaThread "Common-Cleaner"             daemon [_thread_blocked, id=34292, stack(0x00000018eb300000,0x00000018eb400000) (1024K)]
  0x000001f478951d40 JavaThread "Notification Thread"        daemon [_thread_blocked, id=34672, stack(0x00000018eb400000,0x00000018eb500000) (1024K)]
  0x000001f479be7690 JavaThread "Active Thread: Equinox Container: c1f790f5-6133-4eca-88ab-939dca7bd9ba"        [_thread_blocked, id=1944, stack(0x00000018ebb00000,0x00000018ebc00000) (1024K)]
  0x000001f479dbe260 JavaThread "Refresh Thread: Equinox Container: c1f790f5-6133-4eca-88ab-939dca7bd9ba" daemon [_thread_blocked, id=13352, stack(0x00000018ebd00000,0x00000018ebe00000) (1024K)]
  0x000001f479670aa0 JavaThread "Framework Event Dispatcher: Equinox Container: c1f790f5-6133-4eca-88ab-939dca7bd9ba" daemon [_thread_blocked, id=10820, stack(0x00000018ebe00000,0x00000018ebf00000) (1024K)]
  0x000001f47967f0c0 JavaThread "Start Level: Equinox Container: c1f790f5-6133-4eca-88ab-939dca7bd9ba" daemon [_thread_blocked, id=42672, stack(0x00000018ebf00000,0x00000018ec000000) (1024K)]
  0x000001f47e2952f0 JavaThread "Bundle File Closer"         daemon [_thread_blocked, id=45784, stack(0x00000018ec200000,0x00000018ec300000) (1024K)]
  0x000001f479d79400 JavaThread "SCR Component Actor"        daemon [_thread_blocked, id=33564, stack(0x00000018ec300000,0x00000018ec400000) (1024K)]
  0x000001f47e1ff4c0 JavaThread "Worker-JM"                         [_thread_blocked, id=15440, stack(0x00000018ec400000,0x00000018ec500000) (1024K)]
  0x000001f47e66cab0 JavaThread "JNA Cleaner"                daemon [_thread_blocked, id=44480, stack(0x00000018ec500000,0x00000018ec600000) (1024K)]
  0x000001f47e84d2f0 JavaThread "Worker-0"                          [_thread_blocked, id=41684, stack(0x00000018ec600000,0x00000018ec700000) (1024K)]
  0x000001f47e84cc60 JavaThread "Java indexing"              daemon [_thread_blocked, id=30048, stack(0x00000018ea400000,0x00000018ea500000) (1024K)]
  0x000001f4411b3440 JavaThread "Worker-3"                          [_thread_blocked, id=39272, stack(0x00000018eca00000,0x00000018ecb00000) (1024K)]
  0x000001f4411b2db0 JavaThread "Thread-1"                   daemon [_thread_in_native, id=47276, stack(0x00000018ecc00000,0x00000018ecd00000) (1024K)]
  0x000001f4411b3ad0 JavaThread "Thread-2"                   daemon [_thread_in_native, id=49456, stack(0x00000018ecd00000,0x00000018ece00000) (1024K)]
  0x000001f4411b2090 JavaThread "Thread-3"                   daemon [_thread_in_native, id=44268, stack(0x00000018ece00000,0x00000018ecf00000) (1024K)]
  0x000001f4411b4160 JavaThread "Thread-4"                   daemon [_thread_in_native, id=50940, stack(0x00000018ecf00000,0x00000018ed000000) (1024K)]
  0x000001f4411b0ce0 JavaThread "Thread-5"                   daemon [_thread_in_native, id=49832, stack(0x00000018ed000000,0x00000018ed100000) (1024K)]
  0x000001f4411b47f0 JavaThread "Thread-6"                   daemon [_thread_in_native, id=46148, stack(0x00000018ed100000,0x00000018ed200000) (1024K)]
  0x000001f4411b1370 JavaThread "Thread-7"                   daemon [_thread_in_native, id=45764, stack(0x00000018ed200000,0x00000018ed300000) (1024K)]
  0x000001f4411b4e80 JavaThread "Thread-8"                   daemon [_thread_in_native, id=41448, stack(0x00000018ed300000,0x00000018ed400000) (1024K)]
  0x000001f4411b1a00 JavaThread "Thread-9"                   daemon [_thread_in_native, id=2644, stack(0x00000018ed400000,0x00000018ed500000) (1024K)]
  0x000001f4411b6230 JavaThread "Thread-10"                  daemon [_thread_in_native, id=35272, stack(0x00000018ed500000,0x00000018ed600000) (1024K)]
  0x000001f4411b68c0 JavaThread "Thread-11"                  daemon [_thread_in_native, id=45740, stack(0x00000018ed600000,0x00000018ed700000) (1024K)]
  0x000001f4411b5ba0 JavaThread "Thread-12"                  daemon [_thread_in_native, id=50540, stack(0x00000018ed700000,0x00000018ed800000) (1024K)]
  0x000001f4411b6f50 JavaThread "Thread-13"                  daemon [_thread_in_native, id=32868, stack(0x00000018ed800000,0x00000018ed900000) (1024K)]
  0x000001f4411b5510 JavaThread "pool-2-thread-1"                   [_thread_blocked, id=34004, stack(0x00000018ed900000,0x00000018eda00000) (1024K)]
  0x000001f4411b75e0 JavaThread "WorkspaceEventsHandler"            [_thread_blocked, id=51060, stack(0x00000018eda00000,0x00000018edb00000) (1024K)]
  0x000001f4411b7c70 JavaThread "pool-1-thread-1"                   [_thread_blocked, id=44028, stack(0x00000018edb00000,0x00000018edc00000) (1024K)]
  0x000001f441bbe780 JavaThread "LocalFile Deleter"          daemon [_thread_blocked, id=1812, stack(0x00000018ea500000,0x00000018ea600000) (1024K)]
  0x000001f441bbee10 JavaThread "LocalFile Deleter"          daemon [_thread_blocked, id=3876, stack(0x00000018ec900000,0x00000018eca00000) (1024K)]
  0x000001f441bbc020 JavaThread "LocalFile Deleter"          daemon [_thread_blocked, id=45396, stack(0x00000018edc00000,0x00000018edd00000) (1024K)]
  0x000001f441bbfb30 JavaThread "LocalFile Deleter"          daemon [_thread_blocked, id=34784, stack(0x00000018edd00000,0x00000018ede00000) (1024K)]
  0x000001f441bc2920 JavaThread "LocalFile Deleter"          daemon [_thread_blocked, id=43352, stack(0x00000018ee000000,0x00000018ee100000) (1024K)]
  0x000001f441bc1c00 JavaThread "LocalFile Deleter"          daemon [_thread_blocked, id=45912, stack(0x00000018ee300000,0x00000018ee400000) (1024K)]
  0x000001f441bc01c0 JavaThread "Compiler Source File Reader" daemon [_thread_blocked, id=3324, stack(0x00000018ee400000,0x00000018ee500000) (1024K)]
  0x000001f441bc0850 JavaThread "Compiler Source File Reader" daemon [_thread_blocked, id=51520, stack(0x00000018ee500000,0x00000018ee600000) (1024K)]
  0x000001f441bc2290 JavaThread "Compiler Source File Reader" daemon [_thread_blocked, id=42440, stack(0x00000018ee800000,0x00000018ee900000) (1024K)]
  0x000001f44bee0b90 JavaThread "Compiler Class File Writer" daemon [_thread_blocked, id=42320, stack(0x00000018eeb00000,0x00000018eec00000) (1024K)]
  0x000001f44bee32f0 JavaThread "Compiler Class File Writer" daemon [_thread_blocked, id=37476, stack(0x00000018eec00000,0x00000018eed00000) (1024K)]
  0x000001f44bee1f40 JavaThread "Compiler Class File Writer" daemon [_thread_blocked, id=30920, stack(0x00000018eed00000,0x00000018eee00000) (1024K)]
  0x000001f44bee25d0 JavaThread "Compiler Class File Writer" daemon [_thread_blocked, id=41756, stack(0x00000018eee00000,0x00000018eef00000) (1024K)]
  0x000001f44bee3980 JavaThread "Compiler Class File Writer" daemon [_thread_blocked, id=40156, stack(0x00000018eef00000,0x00000018ef000000) (1024K)]
  0x000001f44bee1220 JavaThread "Compiler Source File Reader" daemon [_thread_blocked, id=27732, stack(0x00000018ef000000,0x00000018ef100000) (1024K)]
  0x000001f44bee18b0 JavaThread "Compiler Source File Reader" daemon [_thread_blocked, id=23024, stack(0x00000018ef100000,0x00000018ef200000) (1024K)]
  0x000001f44bee2c60 JavaThread "Compiler Source File Reader" daemon [_thread_blocked, id=39628, stack(0x00000018ef200000,0x00000018ef300000) (1024K)]
  0x000001f4429455f0 JavaThread "Compiler Source File Reader" daemon [_thread_blocked, id=36368, stack(0x00000018ef300000,0x00000018ef400000) (1024K)]
  0x000001f4429469a0 JavaThread "Compiler Class File Writer" daemon [_thread_blocked, id=44496, stack(0x00000018ef400000,0x00000018ef500000) (1024K)]
  0x000001f442944f60 JavaThread "Compiler Class File Writer" daemon [_thread_blocked, id=29184, stack(0x00000018ef500000,0x00000018ef600000) (1024K)]
  0x000001f442945c80 JavaThread "Compiler Class File Writer" daemon [_thread_blocked, id=10912, stack(0x00000018ef600000,0x00000018ef700000) (1024K)]
  0x000001f4429476c0 JavaThread "Compiler Class File Writer" daemon [_thread_blocked, id=46824, stack(0x00000018ef700000,0x00000018ef800000) (1024K)]
  0x000001f442946310 JavaThread "Compiler Class File Writer" daemon [_thread_blocked, id=33760, stack(0x00000018ef900000,0x00000018efa00000) (1024K)]
  0x000001f44294a4b0 JavaThread "LocalFile Deleter"          daemon [_thread_blocked, id=43868, stack(0x00000018efc00000,0x00000018efd00000) (1024K)]
  0x000001f4429483e0 JavaThread "LocalFile Deleter"          daemon [_thread_blocked, id=43316, stack(0x00000018efe00000,0x00000018eff00000) (1024K)]
  0x000001f44294b1d0 JavaThread "ForkJoinPool.commonPool-worker-1" daemon [_thread_blocked, id=45156, stack(0x00000018ea600000,0x00000018ea700000) (1024K)]
  0x000001f442949e20 JavaThread "ForkJoinPool.commonPool-worker-2" daemon [_thread_blocked, id=36836, stack(0x00000018efa00000,0x00000018efb00000) (1024K)]
  0x000001f44294c580 JavaThread "ForkJoinPool.commonPool-worker-4" daemon [_thread_blocked, id=27228, stack(0x00000018f0100000,0x00000018f0200000) (1024K)]
  0x000001f4418e6220 JavaThread "ForkJoinPool.commonPool-worker-6" daemon [_thread_blocked, id=28376, stack(0x00000018f0200000,0x00000018f0300000) (1024K)]
  0x000001f4418e5500 JavaThread "ForkJoinPool.commonPool-worker-7" daemon [_thread_blocked, id=6104, stack(0x00000018f0300000,0x00000018f0400000) (1024K)]
  0x000001f4418e2da0 JavaThread "ForkJoinPool.commonPool-worker-8" daemon [_thread_blocked, id=46620, stack(0x00000018f0400000,0x00000018f0500000) (1024K)]
  0x000001f4418e68b0 JavaThread "ForkJoinPool.commonPool-worker-9" daemon [_thread_blocked, id=49124, stack(0x00000018f0500000,0x00000018f0600000) (1024K)]
  0x000001f4418e3430 JavaThread "ForkJoinPool.commonPool-worker-10" daemon [_thread_blocked, id=32964, stack(0x00000018f0700000,0x00000018f0800000) (1024K)]
Total: 71

Other Threads:
  0x000001f460934550 VMThread "VM Thread"                           [id=49448, stack(0x00000018eaa00000,0x00000018eab00000) (1024K)]
  0x000001f46082ca00 WatcherThread "VM Periodic Task Thread"        [id=17348, stack(0x00000018ea900000,0x00000018eaa00000) (1024K)]
  0x000001f4609bbca0 WorkerThread "GC Thread#0"                     [id=28172, stack(0x00000018ea800000,0x00000018ea900000) (1024K)]
  0x000001f478a0bc30 WorkerThread "GC Thread#1"                     [id=20616, stack(0x00000018eb500000,0x00000018eb600000) (1024K)]
  0x000001f478a0bfd0 WorkerThread "GC Thread#2"                     [id=30856, stack(0x00000018eb600000,0x00000018eb700000) (1024K)]
  0x000001f478a6a650 WorkerThread "GC Thread#3"                     [id=38692, stack(0x00000018eb700000,0x00000018eb800000) (1024K)]
  0x000001f478a6a9f0 WorkerThread "GC Thread#4"                     [id=40184, stack(0x00000018eb800000,0x00000018eb900000) (1024K)]
  0x000001f478a6ad90 WorkerThread "GC Thread#5"                     [id=49544, stack(0x00000018eb900000,0x00000018eba00000) (1024K)]
  0x000001f478a6b130 WorkerThread "GC Thread#6"                     [id=7124, stack(0x00000018eba00000,0x00000018ebb00000) (1024K)]
  0x000001f479d8b5f0 WorkerThread "GC Thread#7"                     [id=42752, stack(0x00000018ebc00000,0x00000018ebd00000) (1024K)]
  0x000001f479d8ab10 WorkerThread "GC Thread#8"                     [id=22996, stack(0x00000018ec000000,0x00000018ec100000) (1024K)]
  0x000001f479d8aeb0 WorkerThread "GC Thread#9"                     [id=34828, stack(0x00000018ec100000,0x00000018ec200000) (1024K)]
Total: 12

Threads with active compile tasks:
Total: 0

VM state: not at safepoint (normal execution)

VM Mutex/Monitor currently owned by a thread: None

Heap address: 0x0000000080000000, size: 2048 MB, Compressed Oops mode: 32-bit

CDS archive(s) mapped at: [0x000001f400000000-0x000001f400ba0000-0x000001f400ba0000), size 12189696, SharedBaseAddress: 0x000001f400000000, ArchiveRelocationMode: 1.
Compressed class space mapped at: 0x000001f401000000-0x000001f441000000, reserved size: 1073741824
Narrow klass base: 0x000001f400000000, Narrow klass shift: 0, Narrow klass range: 0x100000000

GC Precious Log:
 CardTable entry size: 512
 CPUs: 12 total, 12 available
 Memory: 7863M
 Large Page Support: Disabled
 NUMA Support: Disabled
 Compressed Oops: Enabled (32-bit)
 Alignments: Space 512K, Generation 512K, Heap 2M
 Heap Min Capacity: 100M
 Heap Initial Capacity: 100M
 Heap Max Capacity: 2G
 Pre-touch: Disabled
 Parallel Workers: 10

Heap:
 PSYoungGen      total 3584K, used 1784K [0x00000000d5580000, 0x00000000d5a80000, 0x0000000100000000)
  eden space 3072K, 46% used [0x00000000d5580000,0x00000000d56e61c8,0x00000000d5880000)
  from space 512K, 68% used [0x00000000d5a00000,0x00000000d5a58000,0x00000000d5a80000)
  to   space 512K, 0% used [0x00000000d5880000,0x00000000d5880000,0x00000000d5900000)
 ParOldGen       total 1309696K, used 1309603K [0x0000000080000000, 0x00000000cff00000, 0x00000000d5580000)
  object space 1309696K, 99% used [0x0000000080000000,0x00000000cfee8e60,0x00000000cff00000)
 Metaspace       used 74221K, committed 75840K, reserved 1179648K
  class space    used 7824K, committed 8576K, reserved 1048576K

Card table byte_map: [0x000001f460340000,0x000001f460750000] _byte_map_base: 0x000001f45ff40000

Marking Bits: (ParMarkBitMap*) 0x00007ff8fc422460
 Begin Bits: [0x000001f472e50000, 0x000001f474e50000)
 End Bits:   [0x000001f474e50000, 0x000001f476e50000)

Polling page: 0x000001f45e760000

Metaspace:

Usage:
  Non-class:     64.84 MB used.
      Class:      7.64 MB used.
       Both:     72.48 MB used.

Virtual space:
  Non-class space:      128.00 MB reserved,      65.69 MB ( 51%) committed,  2 nodes.
      Class space:        1.00 GB reserved,       8.38 MB ( <1%) committed,  1 nodes.
             Both:        1.12 GB reserved,      74.06 MB (  6%) committed. 

Chunk freelists:
   Non-Class:  14.23 MB
       Class:  7.50 MB
        Both:  21.74 MB

MaxMetaspaceSize: unlimited
CompressedClassSpaceSize: 1.00 GB
Initial GC threshold: 21.00 MB
Current GC threshold: 98.12 MB
CDS: on
 - commit_granule_bytes: 65536.
 - commit_granule_words: 8192.
 - virtual_space_node_default_size: 8388608.
 - enlarge_chunks_in_place: 1.
 - use_allocation_guard: 0.


Internal statistics:

num_allocs_failed_limit: 13.
num_arena_births: 1342.
num_arena_deaths: 22.
num_vsnodes_births: 3.
num_vsnodes_deaths: 0.
num_space_committed: 1185.
num_space_uncommitted: 0.
num_chunks_returned_to_freelist: 39.
num_chunks_taken_from_freelist: 4728.
num_chunk_merges: 11.
num_chunk_splits: 2891.
num_chunks_enlarged: 1598.
num_inconsistent_stats: 0.

CodeHeap 'non-profiled nmethods': size=120000Kb used=13572Kb max_used=13572Kb free=106428Kb
 bounds [0x000001f46b670000, 0x000001f46c3c0000, 0x000001f472ba0000]
CodeHeap 'profiled nmethods': size=120000Kb used=35580Kb max_used=35580Kb free=84419Kb
 bounds [0x000001f463ba0000, 0x000001f465e60000, 0x000001f46b0d0000]
CodeHeap 'non-nmethods': size=5760Kb used=1485Kb max_used=1545Kb free=4274Kb
 bounds [0x000001f46b0d0000, 0x000001f46b340000, 0x000001f46b670000]
CodeCache: size=245760Kb, used=50637Kb, max_used=50697Kb, free=195121Kb
 total_blobs=16891, nmethods=16091, adapters=705, full_count=0
Compilation: enabled, stopped_count=0, restarted_count=0

Compilation events (20 events):
Event: 463.576 Thread 0x000001f460a5bc60 16998       3       org.eclipse.core.internal.resources.SyncInfoWriter::snapSyncInfo (157 bytes)
Event: 463.586 Thread 0x000001f460a5bc60 nmethod 16998 0x000001f465e54010 code [0x000001f465e54500, 0x000001f465e56fc8]
Event: 464.629 Thread 0x000001f460a5bc60 16999       3       org.eclipse.core.internal.jobs.JobManager::delayFor (83 bytes)
Event: 464.632 Thread 0x000001f460a5bc60 nmethod 16999 0x000001f465e57e10 code [0x000001f465e58020, 0x000001f465e584d0]
Event: 464.694 Thread 0x000001f460a5bc60 17000       3       org.eclipse.core.internal.dtree.DataDeltaNode::<init> (7 bytes)
Event: 464.696 Thread 0x000001f460a5bc60 nmethod 17000 0x000001f465e58690 code [0x000001f465e58840, 0x000001f465e58a18]
Event: 464.738 Thread 0x000001f460a59040 17001       4       org.eclipse.jdt.internal.core.ClasspathEntry::rootID (151 bytes)
Event: 465.206 Thread 0x000001f460a59040 nmethod 17001 0x000001f46c3ae410 code [0x000001f46c3ae720, 0x000001f46c3aff28]
Event: 465.273 Thread 0x000001f460a5bc60 17002       3       org.eclipse.core.internal.dtree.AbstractDataTreeNode::compareWith (364 bytes)
Event: 465.279 Thread 0x000001f460a5bc60 nmethod 17002 0x000001f465e58b10 code [0x000001f465e58e80, 0x000001f465e5aec0]
Event: 465.279 Thread 0x000001f460a5bc60 17003       3       org.eclipse.core.internal.dtree.DataTreeNode::compareWith (74 bytes)
Event: 465.280 Thread 0x000001f460a5bc60 nmethod 17003 0x000001f465e5b810 code [0x000001f465e5ba00, 0x000001f465e5bf70]
Event: 465.280 Thread 0x000001f460a5bc60 17004       3       org.eclipse.core.runtime.ProgressMonitorWrapper::internalWorked (11 bytes)
Event: 465.282 Thread 0x000001f460a5bc60 nmethod 17004 0x000001f465e5c210 code [0x000001f465e5c3c0, 0x000001f465e5c598]
Event: 465.282 Thread 0x000001f460a5bc60 17005       3       org.eclipse.jdt.internal.core.JavaProject::getPatchedModules (192 bytes)
Event: 465.282 Thread 0x000001f460a59040 17006       4       org.eclipse.jdt.internal.core.ClasspathEntry::getExtraAttribute (58 bytes)
Event: 465.286 Thread 0x000001f460a59040 nmethod 17006 0x000001f46c3b0990 code [0x000001f46c3b0b40, 0x000001f46c3b0e28]
Event: 465.293 Thread 0x000001f460a5bc60 nmethod 17005 0x000001f465e5c690 code [0x000001f465e5ca00, 0x000001f465e5e0c8]
Event: 479.844 Thread 0x000001f460a5bc60 17007       3       java.util.concurrent.ScheduledThreadPoolExecutor$ScheduledFutureTask::getDelay (16 bytes)
Event: 479.846 Thread 0x000001f460a5bc60 nmethod 17007 0x000001f465e5ec90 code [0x000001f465e5ee40, 0x000001f465e5efd8]

GC Heap History (20 events):
Event: 326.856 GC heap before
{Heap before GC invocations=2284 (full 3):
 PSYoungGen      total 4608K, used 4576K [0x00000000d5580000, 0x00000000d6480000, 0x0000000100000000)
  eden space 4096K, 99% used [0x00000000d5580000,0x00000000d5978378,0x00000000d5980000)
  from space 512K, 99% used [0x00000000d5d80000,0x00000000d5dffdb8,0x00000000d5e00000)
  to   space 4096K, 0% used [0x00000000d5980000,0x00000000d5980000,0x00000000d5d80000)
 ParOldGen       total 1300992K, used 1300704K [0x0000000080000000, 0x00000000cf680000, 0x00000000d5580000)
  object space 1300992K, 99% used [0x0000000080000000,0x00000000cf638118,0x00000000cf680000)
 Metaspace       used 74025K, committed 75712K, reserved 1179648K
  class space    used 7814K, committed 8576K, reserved 1048576K
}
Event: 326.887 GC heap after
{Heap after GC invocations=2284 (full 3):
 PSYoungGen      total 6144K, used 1892K [0x00000000d5580000, 0x00000000d5e80000, 0x0000000100000000)
  eden space 4096K, 0% used [0x00000000d5580000,0x00000000d5580000,0x00000000d5980000)
  from space 2048K, 92% used [0x00000000d5980000,0x00000000d5b59330,0x00000000d5b80000)
  to   space 2560K, 0% used [0x00000000d5c00000,0x00000000d5c00000,0x00000000d5e80000)
 ParOldGen       total 1300992K, used 1300912K [0x0000000080000000, 0x00000000cf680000, 0x00000000d5580000)
  object space 1300992K, 99% used [0x0000000080000000,0x00000000cf66c128,0x00000000cf680000)
 Metaspace       used 74025K, committed 75712K, reserved 1179648K
  class space    used 7814K, committed 8576K, reserved 1048576K
}
Event: 327.934 GC heap before
{Heap before GC invocations=2285 (full 3):
 PSYoungGen      total 6144K, used 5988K [0x00000000d5580000, 0x00000000d5e80000, 0x0000000100000000)
  eden space 4096K, 100% used [0x00000000d5580000,0x00000000d5980000,0x00000000d5980000)
  from space 2048K, 92% used [0x00000000d5980000,0x00000000d5b59330,0x00000000d5b80000)
  to   space 2560K, 0% used [0x00000000d5c00000,0x00000000d5c00000,0x00000000d5e80000)
 ParOldGen       total 1300992K, used 1300912K [0x0000000080000000, 0x00000000cf680000, 0x00000000d5580000)
  object space 1300992K, 99% used [0x0000000080000000,0x00000000cf66c128,0x00000000cf680000)
 Metaspace       used 74025K, committed 75712K, reserved 1179648K
  class space    used 7814K, committed 8576K, reserved 1048576K
}
Event: 327.970 GC heap after
{Heap after GC invocations=2285 (full 3):
 PSYoungGen      total 3072K, used 2545K [0x00000000d5580000, 0x00000000d6680000, 0x0000000100000000)
  eden space 512K, 0% used [0x00000000d5580000,0x00000000d5580000,0x00000000d5600000)
  from space 2560K, 99% used [0x00000000d5c00000,0x00000000d5e7c550,0x00000000d5e80000)
  to   space 6144K, 0% used [0x00000000d5600000,0x00000000d5600000,0x00000000d5c00000)
 ParOldGen       total 1304576K, used 1304074K [0x0000000080000000, 0x00000000cfa00000, 0x00000000d5580000)
  object space 1304576K, 99% used [0x0000000080000000,0x00000000cf982b00,0x00000000cfa00000)
 Metaspace       used 74025K, committed 75712K, reserved 1179648K
  class space    used 7814K, committed 8576K, reserved 1048576K
}
Event: 328.046 GC heap before
{Heap before GC invocations=2286 (full 3):
 PSYoungGen      total 3072K, used 3057K [0x00000000d5580000, 0x00000000d6680000, 0x0000000100000000)
  eden space 512K, 100% used [0x00000000d5580000,0x00000000d5600000,0x00000000d5600000)
  from space 2560K, 99% used [0x00000000d5c00000,0x00000000d5e7c550,0x00000000d5e80000)
  to   space 6144K, 0% used [0x00000000d5600000,0x00000000d5600000,0x00000000d5c00000)
 ParOldGen       total 1304576K, used 1304074K [0x0000000080000000, 0x00000000cfa00000, 0x00000000d5580000)
  object space 1304576K, 99% used [0x0000000080000000,0x00000000cf982b00,0x00000000cfa00000)
 Metaspace       used 74025K, committed 75712K, reserved 1179648K
  class space    used 7814K, committed 8576K, reserved 1048576K
}
Event: 328.052 GC heap after
{Heap after GC invocations=2286 (full 3):
 PSYoungGen      total 1536K, used 612K [0x00000000d5580000, 0x00000000d5c80000, 0x0000000100000000)
  eden space 512K, 0% used [0x00000000d5580000,0x00000000d5580000,0x00000000d5600000)
  from space 1024K, 59% used [0x00000000d5600000,0x00000000d5699078,0x00000000d5700000)
  to   space 2560K, 0% used [0x00000000d5a00000,0x00000000d5a00000,0x00000000d5c80000)
 ParOldGen       total 1306624K, used 1306523K [0x0000000080000000, 0x00000000cfc00000, 0x00000000d5580000)
  object space 1306624K, 99% used [0x0000000080000000,0x00000000cfbe6e88,0x00000000cfc00000)
 Metaspace       used 74025K, committed 75712K, reserved 1179648K
  class space    used 7814K, committed 8576K, reserved 1048576K
}
Event: 328.129 GC heap before
{Heap before GC invocations=2287 (full 3):
 PSYoungGen      total 1536K, used 1117K [0x00000000d5580000, 0x00000000d5c80000, 0x0000000100000000)
  eden space 512K, 98% used [0x00000000d5580000,0x00000000d55fe630,0x00000000d5600000)
  from space 1024K, 59% used [0x00000000d5600000,0x00000000d5699078,0x00000000d5700000)
  to   space 2560K, 0% used [0x00000000d5a00000,0x00000000d5a00000,0x00000000d5c80000)
 ParOldGen       total 1306624K, used 1306523K [0x0000000080000000, 0x00000000cfc00000, 0x00000000d5580000)
  object space 1306624K, 99% used [0x0000000080000000,0x00000000cfbe6e88,0x00000000cfc00000)
 Metaspace       used 74027K, committed 75712K, reserved 1179648K
  class space    used 7814K, committed 8576K, reserved 1048576K
}
Event: 328.139 GC heap after
{Heap after GC invocations=2287 (full 3):
 PSYoungGen      total 1024K, used 352K [0x00000000d5580000, 0x00000000d5a80000, 0x0000000100000000)
  eden space 512K, 0% used [0x00000000d5580000,0x00000000d5580000,0x00000000d5600000)
  from space 512K, 68% used [0x00000000d5a00000,0x00000000d5a58000,0x00000000d5a80000)
  to   space 1024K, 0% used [0x00000000d5880000,0x00000000d5880000,0x00000000d5980000)
 ParOldGen       total 1307136K, used 1306994K [0x0000000080000000, 0x00000000cfc80000, 0x00000000d5580000)
  object space 1307136K, 99% used [0x0000000080000000,0x00000000cfc5c9d0,0x00000000cfc80000)
 Metaspace       used 74027K, committed 75712K, reserved 1179648K
  class space    used 7814K, committed 8576K, reserved 1048576K
}
Event: 328.168 GC heap before
{Heap before GC invocations=2288 (full 3):
 PSYoungGen      total 1024K, used 864K [0x00000000d5580000, 0x00000000d5a80000, 0x0000000100000000)
  eden space 512K, 100% used [0x00000000d5580000,0x00000000d5600000,0x00000000d5600000)
  from space 512K, 68% used [0x00000000d5a00000,0x00000000d5a58000,0x00000000d5a80000)
  to   space 1024K, 0% used [0x00000000d5880000,0x00000000d5880000,0x00000000d5980000)
 ParOldGen       total 1307136K, used 1306994K [0x0000000080000000, 0x00000000cfc80000, 0x00000000d5580000)
  object space 1307136K, 99% used [0x0000000080000000,0x00000000cfc5c9d0,0x00000000cfc80000)
 Metaspace       used 74027K, committed 75712K, reserved 1179648K
  class space    used 7814K, committed 8576K, reserved 1048576K
}
Event: 328.172 GC heap after
{Heap after GC invocations=2288 (full 3):
 PSYoungGen      total 4096K, used 352K [0x00000000d5580000, 0x00000000d5a80000, 0x0000000100000000)
  eden space 3072K, 0% used [0x00000000d5580000,0x00000000d5580000,0x00000000d5880000)
  from space 1024K, 34% used [0x00000000d5880000,0x00000000d58d8000,0x00000000d5980000)
  to   space 512K, 0% used [0x00000000d5a00000,0x00000000d5a00000,0x00000000d5a80000)
 ParOldGen       total 1307648K, used 1307146K [0x0000000080000000, 0x00000000cfd00000, 0x00000000d5580000)
  object space 1307648K, 99% used [0x0000000080000000,0x00000000cfc829d0,0x00000000cfd00000)
 Metaspace       used 74027K, committed 75712K, reserved 1179648K
  class space    used 7814K, committed 8576K, reserved 1048576K
}
Event: 330.432 GC heap before
{Heap before GC invocations=2289 (full 3):
 PSYoungGen      total 4096K, used 3424K [0x00000000d5580000, 0x00000000d5a80000, 0x0000000100000000)
  eden space 3072K, 100% used [0x00000000d5580000,0x00000000d5880000,0x00000000d5880000)
  from space 1024K, 34% used [0x00000000d5880000,0x00000000d58d8000,0x00000000d5980000)
  to   space 512K, 0% used [0x00000000d5a00000,0x00000000d5a00000,0x00000000d5a80000)
 ParOldGen       total 1307648K, used 1307146K [0x0000000080000000, 0x00000000cfd00000, 0x00000000d5580000)
  object space 1307648K, 99% used [0x0000000080000000,0x00000000cfc829d0,0x00000000cfd00000)
 Metaspace       used 74064K, committed 75712K, reserved 1179648K
  class space    used 7816K, committed 8576K, reserved 1048576K
}
Event: 330.438 GC heap after
{Heap after GC invocations=2289 (full 3):
 PSYoungGen      total 3584K, used 400K [0x00000000d5580000, 0x00000000d5a80000, 0x0000000100000000)
  eden space 3072K, 0% used [0x00000000d5580000,0x00000000d5580000,0x00000000d5880000)
  from space 512K, 78% used [0x00000000d5a00000,0x00000000d5a64010,0x00000000d5a80000)
  to   space 512K, 0% used [0x00000000d5980000,0x00000000d5980000,0x00000000d5a00000)
 ParOldGen       total 1307648K, used 1307282K [0x0000000080000000, 0x00000000cfd00000, 0x00000000d5580000)
  object space 1307648K, 99% used [0x0000000080000000,0x00000000cfca49d0,0x00000000cfd00000)
 Metaspace       used 74064K, committed 75712K, reserved 1179648K
  class space    used 7816K, committed 8576K, reserved 1048576K
}
Event: 330.692 GC heap before
{Heap before GC invocations=2290 (full 3):
 PSYoungGen      total 3584K, used 3370K [0x00000000d5580000, 0x00000000d5a80000, 0x0000000100000000)
  eden space 3072K, 96% used [0x00000000d5580000,0x00000000d5866818,0x00000000d5880000)
  from space 512K, 78% used [0x00000000d5a00000,0x00000000d5a64010,0x00000000d5a80000)
  to   space 512K, 0% used [0x00000000d5980000,0x00000000d5980000,0x00000000d5a00000)
 ParOldGen       total 1307648K, used 1307282K [0x0000000080000000, 0x00000000cfd00000, 0x00000000d5580000)
  object space 1307648K, 99% used [0x0000000080000000,0x00000000cfca49d0,0x00000000cfd00000)
 Metaspace       used 74069K, committed 75712K, reserved 1179648K
  class space    used 7816K, committed 8576K, reserved 1048576K
}
Event: 330.697 GC heap after
{Heap after GC invocations=2290 (full 3):
 PSYoungGen      total 3584K, used 511K [0x00000000d5580000, 0x00000000d5c80000, 0x0000000100000000)
  eden space 3072K, 0% used [0x00000000d5580000,0x00000000d5580000,0x00000000d5880000)
  from space 512K, 99% used [0x00000000d5980000,0x00000000d59ffc38,0x00000000d5a00000)
  to   space 2048K, 0% used [0x00000000d5a80000,0x00000000d5a80000,0x00000000d5c80000)
 ParOldGen       total 1308672K, used 1308457K [0x0000000080000000, 0x00000000cfe00000, 0x00000000d5580000)
  object space 1308672K, 99% used [0x0000000080000000,0x00000000cfdca738,0x00000000cfe00000)
 Metaspace       used 74069K, committed 75712K, reserved 1179648K
  class space    used 7816K, committed 8576K, reserved 1048576K
}
Event: 330.781 GC heap before
{Heap before GC invocations=2291 (full 3):
 PSYoungGen      total 3584K, used 3583K [0x00000000d5580000, 0x00000000d5c80000, 0x0000000100000000)
  eden space 3072K, 100% used [0x00000000d5580000,0x00000000d5880000,0x00000000d5880000)
  from space 512K, 99% used [0x00000000d5980000,0x00000000d59ffc38,0x00000000d5a00000)
  to   space 2048K, 0% used [0x00000000d5a80000,0x00000000d5a80000,0x00000000d5c80000)
 ParOldGen       total 1308672K, used 1308457K [0x0000000080000000, 0x00000000cfe00000, 0x00000000d5580000)
  object space 1308672K, 99% used [0x0000000080000000,0x00000000cfdca738,0x00000000cfe00000)
 Metaspace       used 74071K, committed 75712K, reserved 1179648K
  class space    used 7816K, committed 8576K, reserved 1048576K
}
Event: 330.787 GC heap after
{Heap after GC invocations=2291 (full 3):
 PSYoungGen      total 5120K, used 1532K [0x00000000d5580000, 0x00000000d5c80000, 0x0000000100000000)
  eden space 3072K, 0% used [0x00000000d5580000,0x00000000d5580000,0x00000000d5880000)
  from space 2048K, 74% used [0x00000000d5a80000,0x00000000d5bff108,0x00000000d5c80000)
  to   space 2048K, 0% used [0x00000000d5880000,0x00000000d5880000,0x00000000d5a80000)
 ParOldGen       total 1309184K, used 1308939K [0x0000000080000000, 0x00000000cfe80000, 0x00000000d5580000)
  object space 1309184K, 99% used [0x0000000080000000,0x00000000cfe42e50,0x00000000cfe80000)
 Metaspace       used 74071K, committed 75712K, reserved 1179648K
  class space    used 7816K, committed 8576K, reserved 1048576K
}
Event: 331.388 GC heap before
{Heap before GC invocations=2292 (full 3):
 PSYoungGen      total 5120K, used 4604K [0x00000000d5580000, 0x00000000d5c80000, 0x0000000100000000)
  eden space 3072K, 100% used [0x00000000d5580000,0x00000000d5880000,0x00000000d5880000)
  from space 2048K, 74% used [0x00000000d5a80000,0x00000000d5bff108,0x00000000d5c80000)
  to   space 2048K, 0% used [0x00000000d5880000,0x00000000d5880000,0x00000000d5a80000)
 ParOldGen       total 1309184K, used 1308939K [0x0000000080000000, 0x00000000cfe80000, 0x00000000d5580000)
  object space 1309184K, 99% used [0x0000000080000000,0x00000000cfe42e50,0x00000000cfe80000)
 Metaspace       used 74094K, committed 75712K, reserved 1179648K
  class space    used 7816K, committed 8576K, reserved 1048576K
}
Event: 331.394 GC heap after
{Heap after GC invocations=2292 (full 3):
 PSYoungGen      total 3584K, used 320K [0x00000000d5580000, 0x00000000d5b00000, 0x0000000100000000)
  eden space 3072K, 0% used [0x00000000d5580000,0x00000000d5580000,0x00000000d5880000)
  from space 512K, 62% used [0x00000000d5880000,0x00000000d58d0000,0x00000000d5900000)
  to   space 1024K, 0% used [0x00000000d5a00000,0x00000000d5a00000,0x00000000d5b00000)
 ParOldGen       total 1309696K, used 1309427K [0x0000000080000000, 0x00000000cff00000, 0x00000000d5580000)
  object space 1309696K, 99% used [0x0000000080000000,0x00000000cfebce50,0x00000000cff00000)
 Metaspace       used 74094K, committed 75712K, reserved 1179648K
  class space    used 7816K, committed 8576K, reserved 1048576K
}
Event: 464.788 GC heap before
{Heap before GC invocations=2293 (full 3):
 PSYoungGen      total 3584K, used 3391K [0x00000000d5580000, 0x00000000d5b00000, 0x0000000100000000)
  eden space 3072K, 99% used [0x00000000d5580000,0x00000000d587ffd0,0x00000000d5880000)
  from space 512K, 62% used [0x00000000d5880000,0x00000000d58d0000,0x00000000d5900000)
  to   space 1024K, 0% used [0x00000000d5a00000,0x00000000d5a00000,0x00000000d5b00000)
 ParOldGen       total 1309696K, used 1309427K [0x0000000080000000, 0x00000000cff00000, 0x00000000d5580000)
  object space 1309696K, 99% used [0x0000000080000000,0x00000000cfebce50,0x00000000cff00000)
 Metaspace       used 74221K, committed 75840K, reserved 1179648K
  class space    used 7824K, committed 8576K, reserved 1048576K
}
Event: 465.203 GC heap after
{Heap after GC invocations=2293 (full 3):
 PSYoungGen      total 3584K, used 352K [0x00000000d5580000, 0x00000000d5a80000, 0x0000000100000000)
  eden space 3072K, 0% used [0x00000000d5580000,0x00000000d5580000,0x00000000d5880000)
  from space 512K, 68% used [0x00000000d5a00000,0x00000000d5a58000,0x00000000d5a80000)
  to   space 512K, 0% used [0x00000000d5880000,0x00000000d5880000,0x00000000d5900000)
 ParOldGen       total 1309696K, used 1309603K [0x0000000080000000, 0x00000000cff00000, 0x00000000d5580000)
  object space 1309696K, 99% used [0x0000000080000000,0x00000000cfee8e60,0x00000000cff00000)
 Metaspace       used 74221K, committed 75840K, reserved 1179648K
  class space    used 7824K, committed 8576K, reserved 1048576K
}

Dll operation events (12 events):
Event: 3.186 Loaded shared library c:\Users\ESIH_ENERGIR\.vscode\extensions\redhat.java-1.52.0-win32-x64\jre\21.0.9-win32-x86_64\bin\java.dll
Event: 4.390 Loaded shared library c:\Users\ESIH_ENERGIR\.vscode\extensions\redhat.java-1.52.0-win32-x64\jre\21.0.9-win32-x86_64\bin\zip.dll
Event: 4.504 Loaded shared library C:\Users\ESIH_ENERGIR\.vscode\extensions\redhat.java-1.52.0-win32-x64\jre\21.0.9-win32-x86_64\bin\instrument.dll
Event: 4.767 Loaded shared library C:\Users\ESIH_ENERGIR\.vscode\extensions\redhat.java-1.52.0-win32-x64\jre\21.0.9-win32-x86_64\bin\net.dll
Event: 5.027 Loaded shared library C:\Users\ESIH_ENERGIR\.vscode\extensions\redhat.java-1.52.0-win32-x64\jre\21.0.9-win32-x86_64\bin\nio.dll
Event: 5.039 Loaded shared library C:\Users\ESIH_ENERGIR\.vscode\extensions\redhat.java-1.52.0-win32-x64\jre\21.0.9-win32-x86_64\bin\zip.dll
Event: 5.128 Loaded shared library C:\Users\ESIH_ENERGIR\.vscode\extensions\redhat.java-1.52.0-win32-x64\jre\21.0.9-win32-x86_64\bin\jimage.dll
Event: 5.733 Loaded shared library c:\Users\ESIH_ENERGIR\.vscode\extensions\redhat.java-1.52.0-win32-x64\jre\21.0.9-win32-x86_64\bin\verify.dll
Event: 27.840 Loaded shared library C:\Users\ESIH_ENERGIR\AppData\Roaming\Code\User\globalStorage\redhat.java\1.52.0\config_win\org.eclipse.equinox.launcher\org.eclipse.equinox.launcher.win32.win32.x86_64_1.2.1500.v20260121-1430\eclipse_11919.dll
Event: 53.532 Loaded shared library C:\Users\ESIH_ENERGIR\AppData\Local\Temp\jna-216158440\jna6169315991489432731.dll
Event: 63.889 Loaded shared library C:\Users\ESIH_ENERGIR\.vscode\extensions\redhat.java-1.52.0-win32-x64\jre\21.0.9-win32-x86_64\bin\sunmscapi.dll
Event: 64.594 Loaded shared library C:\Users\ESIH_ENERGIR\.vscode\extensions\redhat.java-1.52.0-win32-x64\jre\21.0.9-win32-x86_64\bin\extnet.dll

Deoptimization events (20 events):
Event: 324.106 Thread 0x000001f4418e6f40 DEOPT PACKING pc=0x000001f46c327b38 sp=0x00000018ec8fe690
Event: 324.107 Thread 0x000001f4418e6f40 DEOPT UNPACKING pc=0x000001f46b123aa2 sp=0x00000018ec8fe5a8 mode 2
Event: 328.156 Thread 0x000001f47e84bf40 Uncommon trap: trap_request=0xffffffbe fr.pc=0x000001f46c2084cc relative=0x000000000000140c
Event: 328.157 Thread 0x000001f47e84bf40 Uncommon trap: reason=profile_predicate action=maybe_recompile pc=0x000001f46c2084cc method=java.util.TimSort.reverseRange([Ljava/lang/Object;II)V @ 5 c2
Event: 328.157 Thread 0x000001f47e84bf40 DEOPT PACKING pc=0x000001f46c2084cc sp=0x00000018ec7fdda0
Event: 328.158 Thread 0x000001f47e84bf40 DEOPT UNPACKING pc=0x000001f46b123aa2 sp=0x00000018ec7fdc50 mode 2
Event: 329.526 Thread 0x000001f47e84bf40 Uncommon trap: trap_request=0xffffffc6 fr.pc=0x000001f46b9a48c4 relative=0x00000000000000a4
Event: 329.526 Thread 0x000001f47e84bf40 Uncommon trap: reason=bimorphic_or_optimized_type_check action=maybe_recompile pc=0x000001f46b9a48c4 method=java.util.Collections$UnmodifiableMap$UnmodifiableEntrySet$1.hasNext()Z @ 4 c2
Event: 329.526 Thread 0x000001f47e84bf40 DEOPT PACKING pc=0x000001f46b9a48c4 sp=0x00000018ec7fe720
Event: 329.526 Thread 0x000001f47e84bf40 DEOPT UNPACKING pc=0x000001f46b123aa2 sp=0x00000018ec7fe6a8 mode 2
Event: 330.716 Thread 0x000001f47e84bf40 DEOPT PACKING pc=0x000001f46576548a sp=0x00000018ec7fd440
Event: 330.716 Thread 0x000001f47e84bf40 DEOPT UNPACKING pc=0x000001f46b124242 sp=0x00000018ec7fc958 mode 0
Event: 330.764 Thread 0x000001f4418e6f40 Uncommon trap: trap_request=0xffffffbe fr.pc=0x000001f46c327b38 relative=0x0000000000000458
Event: 330.764 Thread 0x000001f4418e6f40 Uncommon trap: reason=profile_predicate action=maybe_recompile pc=0x000001f46c327b38 method=java.util.TimSort.reverseRange([Ljava/lang/Object;II)V @ 5 c2
Event: 330.765 Thread 0x000001f4418e6f40 DEOPT PACKING pc=0x000001f46c327b38 sp=0x00000018ec8fe6c0
Event: 330.765 Thread 0x000001f4418e6f40 DEOPT UNPACKING pc=0x000001f46b123aa2 sp=0x00000018ec8fe5d8 mode 2
Event: 463.134 Thread 0x000001f4411b3440 Uncommon trap: trap_request=0xffffff45 fr.pc=0x000001f46c3522dc relative=0x000000000000029c
Event: 463.135 Thread 0x000001f4411b3440 Uncommon trap: reason=unstable_if action=reinterpret pc=0x000001f46c3522dc method=org.eclipse.jdt.internal.core.ClasspathAttribute.equals(Ljava/lang/Object;)Z @ 39 c2
Event: 463.135 Thread 0x000001f4411b3440 DEOPT PACKING pc=0x000001f46c3522dc sp=0x00000018ecafe640
Event: 463.136 Thread 0x000001f4411b3440 DEOPT UNPACKING pc=0x000001f46b123aa2 sp=0x00000018ecafe5e8 mode 2

Classes loaded (20 events):
Event: 235.273 Loading class java/util/stream/ReferencePipeline$4
Event: 235.293 Loading class java/util/stream/ReferencePipeline$4 done
Event: 235.444 Loading class java/util/stream/Nodes$IntFixedNodeBuilder
Event: 235.445 Loading class java/util/stream/Node$Builder$OfInt
Event: 235.451 Loading class java/util/stream/Node$Builder$OfInt done
Event: 235.452 Loading class java/util/stream/Nodes$IntArrayNode
Event: 235.455 Loading class java/util/stream/Nodes$IntArrayNode done
Event: 235.456 Loading class java/util/stream/Nodes$IntFixedNodeBuilder done
Event: 235.459 Loading class java/util/stream/ReferencePipeline$4$1
Event: 235.462 Loading class java/util/stream/ReferencePipeline$4$1 done
Event: 246.890 Loading class java/util/HashMap$EntrySpliterator
Event: 246.919 Loading class java/util/HashMap$EntrySpliterator done
Event: 287.498 Loading class java/util/concurrent/CompletableFuture$UniApply
Event: 287.530 Loading class java/util/concurrent/CompletableFuture$UniCompletion
Event: 287.549 Loading class java/util/concurrent/CompletableFuture$UniCompletion done
Event: 287.549 Loading class java/util/concurrent/CompletableFuture$UniApply done
Event: 287.632 Loading class java/util/concurrent/CompletableFuture$UniAccept
Event: 287.671 Loading class java/util/concurrent/CompletableFuture$UniAccept done
Event: 287.672 Loading class java/util/concurrent/CompletableFuture$UniExceptionally
Event: 287.678 Loading class java/util/concurrent/CompletableFuture$UniExceptionally done

Classes unloaded (11 events):
Event: 55.058 Thread 0x000001f460934550 Unloading class 0x000001f4011a7000 'java/lang/invoke/LambdaForm$MH+0x000001f4011a7000'
Event: 55.059 Thread 0x000001f460934550 Unloading class 0x000001f4011a6c00 'java/lang/invoke/LambdaForm$MH+0x000001f4011a6c00'
Event: 55.059 Thread 0x000001f460934550 Unloading class 0x000001f4011a6800 'java/lang/invoke/LambdaForm$MH+0x000001f4011a6800'
Event: 55.059 Thread 0x000001f460934550 Unloading class 0x000001f4011a6400 'java/lang/invoke/LambdaForm$MH+0x000001f4011a6400'
Event: 55.059 Thread 0x000001f460934550 Unloading class 0x000001f4011a6000 'java/lang/invoke/LambdaForm$BMH+0x000001f4011a6000'
Event: 55.059 Thread 0x000001f460934550 Unloading class 0x000001f4011a5c00 'java/lang/invoke/LambdaForm$DMH+0x000001f4011a5c00'
Event: 55.059 Thread 0x000001f460934550 Unloading class 0x000001f4011a4800 'java/lang/invoke/LambdaForm$DMH+0x000001f4011a4800'
Event: 87.166 Thread 0x000001f460934550 Unloading class 0x000001f4016d9800 'java/lang/invoke/LambdaForm$DMH+0x000001f4016d9800'
Event: 87.166 Thread 0x000001f460934550 Unloading class 0x000001f4016d9400 'java/lang/invoke/LambdaForm$DMH+0x000001f4016d9400'
Event: 87.166 Thread 0x000001f460934550 Unloading class 0x000001f4016d9000 'java/lang/invoke/LambdaForm$DMH+0x000001f4016d9000'
Event: 87.166 Thread 0x000001f460934550 Unloading class 0x000001f4016d8c00 'java/lang/invoke/LambdaForm$DMH+0x000001f4016d8c00'

Classes redefined (0 events):
No events

Internal exceptions (20 events):
Event: 322.500 Thread 0x000001f47e84bf40 Exception <a 'sun/nio/fs/WindowsException'{0x00000000d56376d8}> (0x00000000d56376d8) 
thrown [s\src\hotspot\share\prims\jni.cpp, line 520]
Event: 326.422 Thread 0x000001f47e84bf40 Exception <a 'sun/nio/fs/WindowsException'{0x00000000d57ef6e0}> (0x00000000d57ef6e0) 
thrown [s\src\hotspot\share\prims\jni.cpp, line 520]
Event: 326.436 Thread 0x000001f442947d50 Exception <a 'sun/nio/fs/WindowsException'{0x00000000d57f3f40}> (0x00000000d57f3f40) 
thrown [s\src\hotspot\share\prims\jni.cpp, line 520]
Event: 326.441 Thread 0x000001f442947d50 Exception <a 'sun/nio/fs/WindowsException'{0x00000000d57f4f68}> (0x00000000d57f4f68) 
thrown [s\src\hotspot\share\prims\jni.cpp, line 520]
Event: 326.444 Thread 0x000001f441bc2fb0 Exception <a 'sun/nio/fs/WindowsException'{0x00000000d57f6270}> (0x00000000d57f6270) 
thrown [s\src\hotspot\share\prims\jni.cpp, line 520]
Event: 328.777 Thread 0x000001f47e84bf40 Exception <a 'sun/nio/fs/WindowsException'{0x00000000d5603f98}> (0x00000000d5603f98) 
thrown [s\src\hotspot\share\prims\jni.cpp, line 520]
Event: 328.825 Thread 0x000001f47e84bf40 Exception <a 'sun/nio/fs/WindowsException'{0x00000000d56045b0}> (0x00000000d56045b0) 
thrown [s\src\hotspot\share\prims\jni.cpp, line 520]
Event: 329.712 Thread 0x000001f47e84bf40 Exception <a 'java/lang/NoSuchMethodError'{0x00000000d565f420}: 'int java.lang.invoke.DirectMethodHandle$Holder.invokeStatic(java.lang.Object, java.lang.Object, java.lang.Object, java.lang.Object, java.lang.Object, java.lang.Object)'> (0x00000000d565f420) 
thrown [s\src\hotspot\share\interpreter\linkResolver.cpp, line 773]
Event: 330.158 Thread 0x000001f47e84bf40 Exception <a 'sun/nio/fs/WindowsException'{0x00000000d5760a10}> (0x00000000d5760a10) 
thrown [s\src\hotspot\share\prims\jni.cpp, line 520]
Event: 330.580 Thread 0x000001f47e84bf40 Exception <a 'sun/nio/fs/WindowsException'{0x00000000d56da270}> (0x00000000d56da270) 
thrown [s\src\hotspot\share\prims\jni.cpp, line 520]
Event: 330.585 Thread 0x000001f442947d50 Exception <a 'sun/nio/fs/WindowsException'{0x00000000d56e4d40}> (0x00000000d56e4d40) 
thrown [s\src\hotspot\share\prims\jni.cpp, line 520]
Event: 330.587 Thread 0x000001f441bc2fb0 Exception <a 'sun/nio/fs/WindowsException'{0x00000000d56e7048}> (0x00000000d56e7048) 
thrown [s\src\hotspot\share\prims\jni.cpp, line 520]
Event: 330.953 Thread 0x000001f47e84bf40 Exception <a 'sun/nio/fs/WindowsException'{0x00000000d5612bf0}> (0x00000000d5612bf0) 
thrown [s\src\hotspot\share\prims\jni.cpp, line 520]
Event: 330.953 Thread 0x000001f47e84bf40 Exception <a 'sun/nio/fs/WindowsException'{0x00000000d5613208}> (0x00000000d5613208) 
thrown [s\src\hotspot\share\prims\jni.cpp, line 520]
Event: 463.105 Thread 0x000001f4411b3440 Exception <a 'sun/nio/fs/WindowsException'{0x00000000d5748c58}> (0x00000000d5748c58) 
thrown [s\src\hotspot\share\prims\jni.cpp, line 520]
Event: 463.113 Thread 0x000001f4411b3440 Exception <a 'sun/nio/fs/WindowsException'{0x00000000d5749770}> (0x00000000d5749770) 
thrown [s\src\hotspot\share\prims\jni.cpp, line 520]
Event: 463.151 Thread 0x000001f4411b3440 Exception <a 'sun/nio/fs/WindowsException'{0x00000000d5758e80}> (0x00000000d5758e80) 
thrown [s\src\hotspot\share\prims\jni.cpp, line 520]
Event: 463.152 Thread 0x000001f4411b3440 Exception <a 'sun/nio/fs/WindowsException'{0x00000000d5759be8}> (0x00000000d5759be8) 
thrown [s\src\hotspot\share\prims\jni.cpp, line 520]
Event: 463.195 Thread 0x000001f4411b3440 Exception <a 'sun/nio/fs/WindowsException'{0x00000000d575b870}> (0x00000000d575b870) 
thrown [s\src\hotspot\share\prims\jni.cpp, line 520]
Event: 463.195 Thread 0x000001f4411b3440 Exception <a 'sun/nio/fs/WindowsException'{0x00000000d575c3d0}> (0x00000000d575c3d0) 
thrown [s\src\hotspot\share\prims\jni.cpp, line 520]

ZGC Phase Switch (0 events):
No events

VM Operations (20 events):
Event: 354.414 Executing VM operation: Cleanup
Event: 354.421 Executing VM operation: Cleanup done
Event: 364.626 Executing VM operation: HandshakeAllThreads (HandshakeForDeflation)
Event: 364.630 Executing VM operation: HandshakeAllThreads (HandshakeForDeflation) done
Event: 364.630 Executing VM operation: RendezvousGCThreads
Event: 364.631 Executing VM operation: RendezvousGCThreads done
Event: 424.534 Executing VM operation: HandshakeAllThreads (HandshakeForDeflation)
Event: 424.539 Executing VM operation: HandshakeAllThreads (HandshakeForDeflation) done
Event: 424.539 Executing VM operation: RendezvousGCThreads
Event: 424.539 Executing VM operation: RendezvousGCThreads done
Event: 463.560 Executing VM operation: Cleanup
Event: 463.566 Executing VM operation: Cleanup done
Event: 464.489 Executing VM operation: HandshakeAllThreads (Deoptimize)
Event: 464.496 Executing VM operation: HandshakeAllThreads (Deoptimize) done
Event: 464.788 Executing VM operation: ParallelGCFailedAllocation (Allocation Failure)
Event: 465.203 Executing VM operation: ParallelGCFailedAllocation (Allocation Failure) done
Event: 484.703 Executing VM operation: HandshakeAllThreads (HandshakeForDeflation)
Event: 484.704 Executing VM operation: HandshakeAllThreads (HandshakeForDeflation) done
Event: 484.705 Executing VM operation: RendezvousGCThreads
Event: 484.705 Executing VM operation: RendezvousGCThreads done

Memory protections (0 events):
No events

Nmethod flushes (20 events):
Event: 87.447 Thread 0x000001f460934550 flushing  nmethod 0x000001f4645fac90
Event: 87.447 Thread 0x000001f460934550 flushing  nmethod 0x000001f4645fb290
Event: 87.447 Thread 0x000001f460934550 flushing  nmethod 0x000001f4645fb690
Event: 87.447 Thread 0x000001f460934550 flushing osr nmethod 0x000001f464622d90
Event: 87.447 Thread 0x000001f460934550 flushing  nmethod 0x000001f464626b10
Event: 87.447 Thread 0x000001f460934550 flushing  nmethod 0x000001f464627090
Event: 87.447 Thread 0x000001f460934550 flushing  nmethod 0x000001f464627610
Event: 87.447 Thread 0x000001f460934550 flushing  nmethod 0x000001f464627a90
Event: 87.447 Thread 0x000001f460934550 flushing  nmethod 0x000001f464628010
Event: 87.447 Thread 0x000001f460934550 flushing  nmethod 0x000001f464628390
Event: 87.447 Thread 0x000001f460934550 flushing  nmethod 0x000001f464628890
Event: 87.447 Thread 0x000001f460934550 flushing  nmethod 0x000001f464628e90
Event: 87.447 Thread 0x000001f460934550 flushing  nmethod 0x000001f464629710
Event: 87.447 Thread 0x000001f460934550 flushing  nmethod 0x000001f464629f90
Event: 87.447 Thread 0x000001f460934550 flushing  nmethod 0x000001f46462a790
Event: 87.447 Thread 0x000001f460934550 flushing  nmethod 0x000001f46462f990
Event: 87.447 Thread 0x000001f460934550 flushing  nmethod 0x000001f464655390
Event: 87.447 Thread 0x000001f460934550 flushing  nmethod 0x000001f464656110
Event: 87.447 Thread 0x000001f460934550 flushing  nmethod 0x000001f464656710
Event: 87.447 Thread 0x000001f460934550 flushing  nmethod 0x000001f464663990

Events (20 events):
Event: 414.375 Thread 0x000001f441bbcd40 Thread exited: 0x000001f441bbcd40
Event: 441.460 Thread 0x000001f44294bef0 Thread exited: 0x000001f44294bef0
Event: 450.628 Thread 0x000001f441bc2fb0 Thread exited: 0x000001f441bc2fb0
Event: 463.002 Thread 0x000001f4411b3440 Thread added: 0x000001f4418e5b90
Event: 463.020 Thread 0x000001f4418e5b90 Thread exited: 0x000001f4418e5b90
Event: 463.231 Thread 0x000001f4411b3440 Thread added: 0x000001f4418e75d0
Event: 463.233 Thread 0x000001f4418e75d0 Thread added: 0x000001f4418e4150
Event: 463.234 Thread 0x000001f4418e4150 Thread added: 0x000001f4418e6f40
Event: 463.234 Thread 0x000001f4418e4150 Thread added: 0x000001f4418e7c60
Event: 463.235 Thread 0x000001f4418e75d0 Thread added: 0x000001f4418e47e0
Event: 463.237 Thread 0x000001f4418e75d0 Thread exited: 0x000001f4418e75d0
Event: 463.237 Thread 0x000001f4418e47e0 Thread exited: 0x000001f4418e47e0
Event: 463.237 Thread 0x000001f4418e6f40 Thread exited: 0x000001f4418e6f40
Event: 463.237 Thread 0x000001f4418e4150 Thread exited: 0x000001f4418e4150
Event: 463.237 Thread 0x000001f4418e7c60 Thread exited: 0x000001f4418e7c60
Event: 495.623 Thread 0x000001f441bc1570 Thread exited: 0x000001f441bc1570
Event: 495.711 Thread 0x000001f441bc0ee0 Thread exited: 0x000001f441bc0ee0
Event: 495.898 Thread 0x000001f442949790 Thread exited: 0x000001f442949790
Event: 501.568 Thread 0x000001f4418e3ac0 Thread exited: 0x000001f4418e3ac0
Event: 511.511 Thread 0x000001f442948a70 Thread exited: 0x000001f442948a70


Dynamic libraries:
0x00007ff679950000 - 0x00007ff67995e000 	c:\Users\ESIH_ENERGIR\.vscode\extensions\redhat.java-1.52.0-win32-x64\jre\21.0.9-win32-x86_64\bin\java.exe
0x00007ff98f420000 - 0x00007ff98f688000 	C:\WINDOWS\SYSTEM32\ntdll.dll
0x00007ff98d330000 - 0x00007ff98d3f9000 	C:\WINDOWS\System32\KERNEL32.DLL
0x00007ff98be80000 - 0x00007ff98c271000 	C:\WINDOWS\System32\KERNELBASE.dll
0x00007ff98d040000 - 0x00007ff98d18b000 	C:\WINDOWS\System32\ucrtbase.dll
0x00007ff951100000 - 0x00007ff951118000 	c:\Users\ESIH_ENERGIR\.vscode\extensions\redhat.java-1.52.0-win32-x64\jre\21.0.9-win32-x86_64\bin\jli.dll
0x00007ff98e820000 - 0x00007ff98e9e6000 	C:\WINDOWS\System32\USER32.dll
0x00007ff98d190000 - 0x00007ff98d1b7000 	C:\WINDOWS\System32\win32u.dll
0x00007ff98eaa0000 - 0x00007ff98eacb000 	C:\WINDOWS\System32\GDI32.dll
0x00007ff95ff40000 - 0x00007ff9601d3000 	C:\WINDOWS\WinSxS\amd64_microsoft.windows.common-controls_6595b64144ccf1df_6.0.26100.7705_none_3e06597ae3363b04\COMCTL32.dll
0x00007ff98c340000 - 0x00007ff98c46b000 	C:\WINDOWS\System32\gdi32full.dll
0x00007ff98cf90000 - 0x00007ff98d033000 	C:\WINDOWS\System32\msvcp_win.dll
0x00007ff98e9f0000 - 0x00007ff98ea99000 	C:\WINDOWS\System32\msvcrt.dll
0x00007ff948d90000 - 0x00007ff948dae000 	c:\Users\ESIH_ENERGIR\.vscode\extensions\redhat.java-1.52.0-win32-x64\jre\21.0.9-win32-x86_64\bin\VCRUNTIME140.dll
0x00007ff98e570000 - 0x00007ff98e5a1000 	C:\WINDOWS\System32\IMM32.DLL
0x00007ff967470000 - 0x00007ff96747c000 	c:\Users\ESIH_ENERGIR\.vscode\extensions\redhat.java-1.52.0-win32-x64\jre\21.0.9-win32-x86_64\bin\vcruntime140_1.dll
0x00007ff93f7d0000 - 0x00007ff93f85d000 	c:\Users\ESIH_ENERGIR\.vscode\extensions\redhat.java-1.52.0-win32-x64\jre\21.0.9-win32-x86_64\bin\msvcp140.dll
0x00007ff8fb760000 - 0x00007ff8fc500000 	c:\Users\ESIH_ENERGIR\.vscode\extensions\redhat.java-1.52.0-win32-x64\jre\21.0.9-win32-x86_64\bin\server\jvm.dll
0x00007ff98da90000 - 0x00007ff98db44000 	C:\WINDOWS\System32\ADVAPI32.dll
0x00007ff98e770000 - 0x00007ff98e816000 	C:\WINDOWS\System32\sechost.dll
0x00007ff98d970000 - 0x00007ff98da88000 	C:\WINDOWS\System32\RPCRT4.dll
0x00007ff98f360000 - 0x00007ff98f3d4000 	C:\WINDOWS\System32\WS2_32.dll
0x00007ff98bb60000 - 0x00007ff98bbbe000 	C:\WINDOWS\SYSTEM32\POWRPROF.dll
0x00007ff983d70000 - 0x00007ff983da5000 	C:\WINDOWS\SYSTEM32\WINMM.dll
0x00007ff977d10000 - 0x00007ff977d1b000 	C:\WINDOWS\SYSTEM32\VERSION.dll
0x00007ff98bb40000 - 0x00007ff98bb54000 	C:\WINDOWS\SYSTEM32\UMPDC.dll
0x00007ff98aa90000 - 0x00007ff98aaab000 	C:\WINDOWS\SYSTEM32\kernel.appcore.dll
0x00007ff9510f0000 - 0x00007ff9510fa000 	c:\Users\ESIH_ENERGIR\.vscode\extensions\redhat.java-1.52.0-win32-x64\jre\21.0.9-win32-x86_64\bin\jimage.dll
0x00007ff989c30000 - 0x00007ff989e72000 	C:\WINDOWS\SYSTEM32\DBGHELP.DLL
0x00007ff98d590000 - 0x00007ff98d916000 	C:\WINDOWS\System32\combase.dll
0x00007ff98dcc0000 - 0x00007ff98dd97000 	C:\WINDOWS\System32\OLEAUT32.dll
0x00007ff960920000 - 0x00007ff96095b000 	C:\WINDOWS\SYSTEM32\dbgcore.DLL
0x00007ff98ce50000 - 0x00007ff98cef5000 	C:\WINDOWS\System32\bcryptPrimitives.dll
0x00007ff94b2f0000 - 0x00007ff94b2ff000 	c:\Users\ESIH_ENERGIR\.vscode\extensions\redhat.java-1.52.0-win32-x64\jre\21.0.9-win32-x86_64\bin\instrument.dll
0x00007ff94b2d0000 - 0x00007ff94b2f0000 	c:\Users\ESIH_ENERGIR\.vscode\extensions\redhat.java-1.52.0-win32-x64\jre\21.0.9-win32-x86_64\bin\java.dll
0x00007ff98dda0000 - 0x00007ff98e4f1000 	C:\WINDOWS\System32\SHELL32.dll
0x00007ff98cce0000 - 0x00007ff98ce4a000 	C:\WINDOWS\System32\wintypes.dll
0x00007ff98c470000 - 0x00007ff98ccd2000 	C:\WINDOWS\System32\windows.storage.dll
0x00007ff98e5b0000 - 0x00007ff98e6a6000 	C:\WINDOWS\System32\SHCORE.dll
0x00007ff98d480000 - 0x00007ff98d4e7000 	C:\WINDOWS\System32\shlwapi.dll
0x00007ff98bc20000 - 0x00007ff98bc49000 	C:\WINDOWS\SYSTEM32\profapi.dll
0x00007ff94b2b0000 - 0x00007ff94b2c8000 	c:\Users\ESIH_ENERGIR\.vscode\extensions\redhat.java-1.52.0-win32-x64\jre\21.0.9-win32-x86_64\bin\zip.dll
0x00007ff94b2a0000 - 0x00007ff94b2b0000 	C:\Users\ESIH_ENERGIR\.vscode\extensions\redhat.java-1.52.0-win32-x64\jre\21.0.9-win32-x86_64\bin\net.dll
0x00007ff981780000 - 0x00007ff9818a7000 	C:\WINDOWS\SYSTEM32\WINHTTP.dll
0x00007ff98b020000 - 0x00007ff98b08b000 	C:\WINDOWS\system32\mswsock.dll
0x00007ff94b280000 - 0x00007ff94b296000 	C:\Users\ESIH_ENERGIR\.vscode\extensions\redhat.java-1.52.0-win32-x64\jre\21.0.9-win32-x86_64\bin\nio.dll
0x00007ff948d80000 - 0x00007ff948d90000 	c:\Users\ESIH_ENERGIR\.vscode\extensions\redhat.java-1.52.0-win32-x64\jre\21.0.9-win32-x86_64\bin\verify.dll
0x00007ff93f780000 - 0x00007ff93f7c5000 	C:\Users\ESIH_ENERGIR\AppData\Roaming\Code\User\globalStorage\redhat.java\1.52.0\config_win\org.eclipse.equinox.launcher\org.eclipse.equinox.launcher.win32.win32.x86_64_1.2.1500.v20260121-1430\eclipse_11919.dll
0x00007ff98ecb0000 - 0x00007ff98ee47000 	C:\WINDOWS\System32\ole32.dll
0x00007ff98b2e0000 - 0x00007ff98b2fb000 	C:\WINDOWS\SYSTEM32\CRYPTSP.dll
0x00007ff98a9f0000 - 0x00007ff98aa29000 	C:\WINDOWS\system32\rsaenh.dll
0x00007ff98b0d0000 - 0x00007ff98b0fb000 	C:\WINDOWS\SYSTEM32\USERENV.dll
0x00007ff98bbf0000 - 0x00007ff98bc1a000 	C:\WINDOWS\SYSTEM32\bcrypt.dll
0x00007ff98b300000 - 0x00007ff98b30c000 	C:\WINDOWS\SYSTEM32\CRYPTBASE.dll
0x00007ff98a480000 - 0x00007ff98a4b4000 	C:\WINDOWS\SYSTEM32\IPHLPAPI.DLL
0x00007ff98e560000 - 0x00007ff98e56a000 	C:\WINDOWS\System32\NSI.dll
0x00007ff91d7d0000 - 0x00007ff91d819000 	C:\Users\ESIH_ENERGIR\AppData\Local\Temp\jna-216158440\jna6169315991489432731.dll
0x00007ff98dca0000 - 0x00007ff98dca8000 	C:\WINDOWS\System32\PSAPI.DLL
0x00007ff983ac0000 - 0x00007ff983ade000 	C:\WINDOWS\SYSTEM32\dhcpcsvc6.DLL
0x00007ff983a90000 - 0x00007ff983ab3000 	C:\WINDOWS\SYSTEM32\dhcpcsvc.DLL
0x00007ff948d70000 - 0x00007ff948d7e000 	C:\Users\ESIH_ENERGIR\.vscode\extensions\redhat.java-1.52.0-win32-x64\jre\21.0.9-win32-x86_64\bin\sunmscapi.dll
0x00007ff98bd00000 - 0x00007ff98be77000 	C:\WINDOWS\System32\CRYPT32.dll
0x00007ff98b500000 - 0x00007ff98b530000 	C:\WINDOWS\SYSTEM32\ncrypt.dll
0x00007ff98b4b0000 - 0x00007ff98b4ef000 	C:\WINDOWS\SYSTEM32\NTASN1.dll
0x00007ff98a4c0000 - 0x00007ff98a5ec000 	C:\WINDOWS\SYSTEM32\DNSAPI.dll
0x00007ff983a20000 - 0x00007ff983a2b000 	C:\Windows\System32\rasadhlp.dll
0x00007ff983990000 - 0x00007ff983a16000 	C:\WINDOWS\System32\fwpuclnt.dll
0x00007ff9479a0000 - 0x00007ff9479a9000 	C:\Users\ESIH_ENERGIR\.vscode\extensions\redhat.java-1.52.0-win32-x64\jre\21.0.9-win32-x86_64\bin\extnet.dll
0x00007ff98abb0000 - 0x00007ff98abe6000 	C:\WINDOWS\SYSTEM32\ntmarta.dll

JVMTI agents:
c:\Users\ESIH_ENERGIR\.vscode\extensions\redhat.java-1.52.0-win32-x64\lombok\lombok-1.18.39-4050.jar path:c:\Users\ESIH_ENERGIR\.vscode\extensions\redhat.java-1.52.0-win32-x64\jre\21.0.9-win32-x86_64\bin\instrument.dll, loaded, initialized, instrumentlib options:none

dbghelp: loaded successfully - version: 4.0.5 - missing functions: none
symbol engine: initialized successfully - sym options: 0x614 - pdb path: .;c:\Users\ESIH_ENERGIR\.vscode\extensions\redhat.java-1.52.0-win32-x64\jre\21.0.9-win32-x86_64\bin;C:\WINDOWS\SYSTEM32;C:\WINDOWS\WinSxS\amd64_microsoft.windows.common-controls_6595b64144ccf1df_6.0.26100.7705_none_3e06597ae3363b04;c:\Users\ESIH_ENERGIR\.vscode\extensions\redhat.java-1.52.0-win32-x64\jre\21.0.9-win32-x86_64\bin\server;C:\Users\ESIH_ENERGIR\AppData\Roaming\Code\User\globalStorage\redhat.java\1.52.0\config_win\org.eclipse.equinox.launcher\org.eclipse.equinox.launcher.win32.win32.x86_64_1.2.1500.v20260121-1430;C:\Users\ESIH_ENERGIR\AppData\Local\Temp\jna-216158440

VM Arguments:
jvm_args: --add-modules=ALL-SYSTEM --add-opens=java.base/java.util=ALL-UNNAMED --add-opens=java.base/java.lang=ALL-UNNAMED --add-opens=java.base/sun.nio.fs=ALL-UNNAMED -Declipse.application=org.eclipse.jdt.ls.core.id1 -Dosgi.bundles.defaultStartLevel=4 -Declipse.product=org.eclipse.jdt.ls.core.product -Djava.import.generatesMetadataFilesAtProjectRoot=false -DDetectVMInstallationsJob.disabled=true -Dfile.encoding=utf8 -XX:+UseParallelGC -XX:GCTimeRatio=4 -XX:AdaptiveSizePolicyWeight=90 -Dsun.zip.disableMemoryMapping=true -Xmx2G -Xms100m -Xlog:disable -javaagent:c:\Users\ESIH_ENERGIR\.vscode\extensions\redhat.java-1.52.0-win32-x64\lombok\lombok-1.18.39-4050.jar -XX:+HeapDumpOnOutOfMemoryError -XX:HeapDumpPath=c:\Users\ESIH_ENERGIR\AppData\Roaming\Code\User\workspaceStorage\25c00f6bfb03cb4ac58946698cfd3029\redhat.java -Daether.dependencyCollector.impl=bf 
java_command: c:\Users\ESIH_ENERGIR\.vscode\extensions\redhat.java-1.52.0-win32-x64\server\plugins\org.eclipse.equinox.launcher_1.7.100.v20251111-0406.jar -configuration c:\Users\ESIH_ENERGIR\AppData\Roaming\Code\User\globalStorage\redhat.java\1.52.0\config_win -data c:\Users\ESIH_ENERGIR\AppData\Roaming\Code\User\workspaceStorage\25c00f6bfb03cb4ac58946698cfd3029\redhat.java\jdt_ws --pipe=\\.\pipe\lsp-3cfd8bed8e28e08a98fceab777c434ca-sock
java_class_path (initial): c:\Users\ESIH_ENERGIR\.vscode\extensions\redhat.java-1.52.0-win32-x64\server\plugins\org.eclipse.equinox.launcher_1.7.100.v20251111-0406.jar
Launcher Type: SUN_STANDARD

[Global flags]
    uintx AdaptiveSizePolicyWeight                 = 90                                        {product} {command line}
     intx CICompilerCount                          = 4                                         {product} {ergonomic}
    uintx GCTimeRatio                              = 4                                         {product} {command line}
     bool HeapDumpOnOutOfMemoryError               = true                                   {manageable} {command line}
    ccstr HeapDumpPath                             = c:\Users\ESIH_ENERGIR\AppData\Roaming\Code\User\workspaceStorage\25c00f6bfb03cb4ac58946698cfd3029\redhat.java         {manageable} {command line}
   size_t InitialHeapSize                          = 104857600                                 {product} {command line}
   size_t MaxHeapSize                              = 2147483648                                {product} {command line}
   size_t MaxNewSize                               = 715653120                                 {product} {ergonomic}
   size_t MinHeapDeltaBytes                        = 524288                                    {product} {ergonomic}
   size_t MinHeapSize                              = 104857600                                 {product} {command line}
   size_t NewSize                                  = 34603008                                  {product} {ergonomic}
    uintx NonNMethodCodeHeapSize                   = 5839372                                {pd product} {ergonomic}
    uintx NonProfiledCodeHeapSize                  = 122909434                              {pd product} {ergonomic}
   size_t OldSize                                  = 70254592                                  {product} {ergonomic}
    uintx ProfiledCodeHeapSize                     = 122909434                              {pd product} {ergonomic}
    uintx ReservedCodeCacheSize                    = 251658240                              {pd product} {ergonomic}
     bool SegmentedCodeCache                       = true                                      {product} {ergonomic}
   size_t SoftMaxHeapSize                          = 2147483648                             {manageable} {ergonomic}
     bool UseCompressedOops                        = true                           {product lp64_product} {ergonomic}
     bool UseLargePagesIndividualAllocation        = false                                  {pd product} {ergonomic}
     bool UseParallelGC                            = true                                      {product} {command line}

Logging:
Log output configuration:
 #0: stdout all=off uptime,level,tags foldmultilines=false
 #1: stderr all=off uptime,level,tags foldmultilines=false

Release file:
JAVA_VERSION="21.0.9" 
MODULES="java.base java.compiler java.datatransfer java.xml java.prefs java.desktop java.instrument java.logging java.management java.security.sasl java.naming java.rmi java.management.rmi java.net.http java.scripting java.security.jgss java.transaction.xa java.sql java.sql.rowset java.xml.crypto java.se java.smartcardio jdk.accessibility jdk.internal.jvmstat jdk.attach jdk.charsets jdk.internal.opt jdk.zipfs jdk.compiler jdk.crypto.ec jdk.crypto.cryptoki jdk.crypto.mscapi jdk.dynalink jdk.internal.ed jdk.editpad jdk.hotspot.agent jdk.httpserver jdk.internal.le jdk.internal.vm.ci jdk.internal.vm.compiler jdk.internal.vm.compiler.management jdk.jartool jdk.javadoc jdk.jcmd jdk.management jdk.management.agent jdk.jconsole jdk.jdeps jdk.jdwp.agent jdk.jdi jdk.jfr jdk.jshell jdk.jsobject jdk.jstatd jdk.localedata jdk.management.jfr jdk.naming.dns jdk.naming.rmi jdk.net jdk.nio.mapmode jdk.random jdk.sctp jdk.security.auth jdk.security.jgss jdk.unsupported jdk.unsupported.desktop jdk.xml.dom" 

Environment Variables:
PATH=C:\Program Files\Google\Chrome\Application;C:\Python312\Scripts\;C:\Python312\;C:\Program Files\Common Files\Oracle\Java\javapath;C:\Program Files\Zulu\zulu-21\bin\;C:\WINDOWS\system32;C:\WINDOWS;C:\WINDOWS\System32\Wbem;C:\WINDOWS\System32\WindowsPowerShell\v1.0\;C:\WINDOWS\System32\OpenSSH\;C:\Program Files\dotnet\;C:\Program Files\Git\cmd;C:\Program Files\HP\HP One Agent;C:\Program Files\nodejs\;C:\ProgramData\chocolatey\bin;;C:\WINDOWS\system32;C:\WINDOWS;C:\WINDOWS\System32\Wbem;C:\WINDOWS\System32\WindowsPowerShell\v1.0\;C:\WINDOWS\System32\OpenSSH\;C:\ProgramData\chocolatey\lib\maven\apache-maven-3.9.12\bin;;C:\Program Files\Docker\Docker\resources\bin;C:\Users\ESIH_ENERGIR\anaconda3;C:\Users\ESIH_ENERGIR\anaconda3\Library\mingw-w64\bin;C:\Users\ESIH_ENERGIR\anaconda3\Library\usr\bin;C:\Users\ESIH_ENERGIR\anaconda3\Library\bin;C:\Users\ESIH_ENERGIR\anaconda3\Scripts;C:\Users\ESIH_ENERGIR\AppData\Local\Programs\Python\Python311\Scripts\;C:\Users\ESIH_ENERGIR\AppData\Local\Programs\Python\Python311\;C:\Users\ESIH_ENERGIR\AppData\Local\Microsoft\WindowsApps;C:\Users\ESIH_ENERGIR\AppData\Local\Programs\Microsoft VS Code\bin;C:\Users\ESIH_ENERGIR\AppData\Roaming\npm
USERNAME=ESIH_ENERGIR
OS=Windows_NT
PROCESSOR_IDENTIFIER=Intel64 Family 6 Model 154 Stepping 4, GenuineIntel
TMP=C:\Users\ESIH_E~1\AppData\Local\Temp
TEMP=C:\Users\ESIH_E~1\AppData\Local\Temp




Periodic native trim disabled

---------------  S Y S T E M  ---------------

OS:
 Windows 11 , 64 bit Build 26100 (10.0.26100.7705)
OS uptime: 3 days 8:26 hours
Hyper-V role detected

CPU: total 12 (initial active 12) (6 cores per cpu, 2 threads per core) family 6 model 154 stepping 4 microcode 0x42c, cx8, cmov, fxsr, ht, mmx, 3dnowpref, sse, sse2, sse3, ssse3, sse4.1, sse4.2, popcnt, lzcnt, tsc, tscinvbit, avx, avx2, aes, erms, clmul, bmi1, bmi2, adx, sha, fma, vzeroupper, clflush, clflushopt, clwb, hv, serialize, rdtscp, rdpid, fsrm, f16c, cet_ibt, cet_ss
Processor Information for processor 0
  Max Mhz: 1700, Current Mhz: 1700, Mhz Limit: 1700
Processor Information for processor 1
  Max Mhz: 1700, Current Mhz: 1700, Mhz Limit: 1700
Processor Information for processor 2
  Max Mhz: 1700, Current Mhz: 1700, Mhz Limit: 1700
Processor Information for processor 3
  Max Mhz: 1700, Current Mhz: 1700, Mhz Limit: 1700
Processor Information for processor 4
  Max Mhz: 1700, Current Mhz: 1200, Mhz Limit: 1190
Processor Information for processor 5
  Max Mhz: 1700, Current Mhz: 1200, Mhz Limit: 1190
Processor Information for processor 6
  Max Mhz: 1700, Current Mhz: 1200, Mhz Limit: 1190
Processor Information for processor 7
  Max Mhz: 1700, Current Mhz: 1200, Mhz Limit: 1190
Processor Information for processor 8
  Max Mhz: 1700, Current Mhz: 1200, Mhz Limit: 1190
Processor Information for processor 9
  Max Mhz: 1700, Current Mhz: 1200, Mhz Limit: 1190
Processor Information for processor 10
  Max Mhz: 1700, Current Mhz: 1200, Mhz Limit: 1190
Processor Information for processor 11
  Max Mhz: 1700, Current Mhz: 1200, Mhz Limit: 1190

Memory: 4k page, system-wide physical 7863M (282M free)
TotalPageFile size 32439M (AvailPageFile size 11M)
current process WorkingSet (physical memory assigned to process): 9M, peak: 465M
current process commit charge ("private bytes"): 1611M, peak: 1620M

vm_info: OpenJDK 64-Bit Server VM (21.0.9+10-LTS) for windows-amd64 JRE (21.0.9+10-LTS), built on 2025-10-21T00:00:00Z by "admin" with unknown MS VC++:1942

END.
